-------------------------------------------------------------------------------
Error on line 8 of lib/knockout-2.2.0.js
java.lang.NullPointerException
	at org.mozilla.javascript.Node.getChildBefore(Node.java:222)
	at org.mozilla.javascript.Node.addChildBefore(Node.java:287)
	at jscover.instrument.NodeProcessor.processNode(NodeProcessor.java:480)
	at jscover.instrument.ParseTreeInstrumenter.visit(ParseTreeInstrumenter.java:367)
	at org.mozilla.javascript.ast.IfStatement.visit(IfStatement.java:178)
	at org.mozilla.javascript.ast.ForLoop.visit(ForLoop.java:131)
	at org.mozilla.javascript.ast.Scope.visit(Scope.java:251)
	at org.mozilla.javascript.ast.ForLoop.visit(ForLoop.java:131)
	at org.mozilla.javascript.ast.IfStatement.visit(IfStatement.java:180)
	at org.mozilla.javascript.ast.Block.visit(Block.java:61)
	at org.mozilla.javascript.ast.FunctionNode.visit(FunctionNode.java:423)
	at org.mozilla.javascript.ast.Block.visit(Block.java:61)
	at org.mozilla.javascript.ast.FunctionNode.visit(FunctionNode.java:423)
	at org.mozilla.javascript.ast.Block.visit(Block.java:61)
	at org.mozilla.javascript.ast.FunctionNode.visit(FunctionNode.java:423)
	at org.mozilla.javascript.ast.ParenthesizedExpression.visit(ParenthesizedExpression.java:75)
	at org.mozilla.javascript.ast.FunctionCall.visit(FunctionCall.java:158)
	at org.mozilla.javascript.ast.ExpressionStatement.visit(ExpressionStatement.java:120)
	at org.mozilla.javascript.ast.ScriptNode.visit(ScriptNode.java:312)
	at org.mozilla.javascript.ast.AstRoot.visitAll(AstRoot.java:110)
	at jscover.instrument.SourceProcessor.instrumentSource(SourceProcessor.java:409)
	at jscover.instrument.SourceProcessor.processSourceWithoutHeader(SourceProcessor.java:394)
	at jscover.instrument.SourceProcessor.processSource(SourceProcessor.java:386)
	at jscover.instrument.SourceProcessor.processSourceForFileSystem(SourceProcessor.java:379)
	at jscover.instrument.InstrumenterService.instrumentJSForFileSystem(InstrumenterService.java:374)
	at jscover.filesystem.FileSystemInstrumenter.copyFolder(FileSystemInstrumenter.java:399)
	at jscover.filesystem.FileSystemInstrumenter.copyFolder(FileSystemInstrumenter.java:394)
	at jscover.filesystem.FileSystemInstrumenter.copyFolder(FileSystemInstrumenter.java:394)
	at jscover.filesystem.FileSystemInstrumenter.copyFolder(FileSystemInstrumenter.java:385)
	at jscover.filesystem.FileSystemInstrumenter.run(FileSystemInstrumenter.java:366)
	at jscover.Main.runFileSystem(Main.java:455)
	at jscover.Main.runMain(Main.java:422)
	at jscover.Main.main(Main.java:411)
-------------------------------------------------------------------------------
Error on line 18 of lib/knockout-2.2.0.js
java.lang.NullPointerException
	at org.mozilla.javascript.Node.getChildBefore(Node.java:222)
	at org.mozilla.javascript.Node.addChildBefore(Node.java:287)
	at jscover.instrument.NodeProcessor.processNode(NodeProcessor.java:480)
	at jscover.instrument.ParseTreeInstrumenter.visit(ParseTreeInstrumenter.java:367)
	at org.mozilla.javascript.ast.IfStatement.visit(IfStatement.java:178)
	at org.mozilla.javascript.ast.ForLoop.visit(ForLoop.java:131)
	at org.mozilla.javascript.ast.Block.visit(Block.java:61)
	at org.mozilla.javascript.ast.FunctionNode.visit(FunctionNode.java:423)
	at org.mozilla.javascript.ast.InfixExpression.visit(InfixExpression.java:182)
	at org.mozilla.javascript.ast.ObjectLiteral.visit(ObjectLiteral.java:132)
	at org.mozilla.javascript.ast.ReturnStatement.visit(ReturnStatement.java:77)
	at org.mozilla.javascript.ast.Block.visit(Block.java:61)
	at org.mozilla.javascript.ast.FunctionNode.visit(FunctionNode.java:423)
	at org.mozilla.javascript.ast.NewExpression.visit(NewExpression.java:90)
	at org.mozilla.javascript.ast.InfixExpression.visit(InfixExpression.java:182)
	at org.mozilla.javascript.ast.ExpressionStatement.visit(ExpressionStatement.java:120)
	at org.mozilla.javascript.ast.Block.visit(Block.java:61)
	at org.mozilla.javascript.ast.FunctionNode.visit(FunctionNode.java:423)
	at org.mozilla.javascript.ast.Block.visit(Block.java:61)
	at org.mozilla.javascript.ast.FunctionNode.visit(FunctionNode.java:423)
	at org.mozilla.javascript.ast.ParenthesizedExpression.visit(ParenthesizedExpression.java:75)
	at org.mozilla.javascript.ast.FunctionCall.visit(FunctionCall.java:158)
	at org.mozilla.javascript.ast.ExpressionStatement.visit(ExpressionStatement.java:120)
	at org.mozilla.javascript.ast.ScriptNode.visit(ScriptNode.java:312)
	at org.mozilla.javascript.ast.AstRoot.visitAll(AstRoot.java:110)
	at jscover.instrument.SourceProcessor.instrumentSource(SourceProcessor.java:409)
	at jscover.instrument.SourceProcessor.processSourceWithoutHeader(SourceProcessor.java:394)
	at jscover.instrument.SourceProcessor.processSource(SourceProcessor.java:386)
	at jscover.instrument.SourceProcessor.processSourceForFileSystem(SourceProcessor.java:379)
	at jscover.instrument.InstrumenterService.instrumentJSForFileSystem(InstrumenterService.java:374)
	at jscover.filesystem.FileSystemInstrumenter.copyFolder(FileSystemInstrumenter.java:399)
	at jscover.filesystem.FileSystemInstrumenter.copyFolder(FileSystemInstrumenter.java:394)
	at jscover.filesystem.FileSystemInstrumenter.copyFolder(FileSystemInstrumenter.java:394)
	at jscover.filesystem.FileSystemInstrumenter.copyFolder(FileSystemInstrumenter.java:385)
	at jscover.filesystem.FileSystemInstrumenter.run(FileSystemInstrumenter.java:366)
	at jscover.Main.runFileSystem(Main.java:455)
	at jscover.Main.runMain(Main.java:422)
	at jscover.Main.main(Main.java:411)
-------------------------------------------------------------------------------
Error on line 19 of lib/knockout-2.2.0.js
java.lang.NullPointerException
	at org.mozilla.javascript.Node.getChildBefore(Node.java:222)
	at org.mozilla.javascript.Node.addChildBefore(Node.java:287)
	at jscover.instrument.NodeProcessor.processNode(NodeProcessor.java:457)
	at jscover.instrument.ParseTreeInstrumenter.visit(ParseTreeInstrumenter.java:367)
	at org.mozilla.javascript.ast.ForLoop.visit(ForLoop.java:127)
	at org.mozilla.javascript.ast.IfStatement.visit(IfStatement.java:182)
	at org.mozilla.javascript.ast.Block.visit(Block.java:61)
	at org.mozilla.javascript.ast.FunctionNode.visit(FunctionNode.java:423)
	at org.mozilla.javascript.ast.InfixExpression.visit(InfixExpression.java:182)
	at org.mozilla.javascript.ast.ObjectLiteral.visit(ObjectLiteral.java:132)
	at org.mozilla.javascript.ast.ReturnStatement.visit(ReturnStatement.java:77)
	at org.mozilla.javascript.ast.Block.visit(Block.java:61)
	at org.mozilla.javascript.ast.FunctionNode.visit(FunctionNode.java:423)
	at org.mozilla.javascript.ast.NewExpression.visit(NewExpression.java:90)
	at org.mozilla.javascript.ast.InfixExpression.visit(InfixExpression.java:182)
	at org.mozilla.javascript.ast.ExpressionStatement.visit(ExpressionStatement.java:120)
	at org.mozilla.javascript.ast.Block.visit(Block.java:61)
	at org.mozilla.javascript.ast.FunctionNode.visit(FunctionNode.java:423)
	at org.mozilla.javascript.ast.Block.visit(Block.java:61)
	at org.mozilla.javascript.ast.FunctionNode.visit(FunctionNode.java:423)
	at org.mozilla.javascript.ast.ParenthesizedExpression.visit(ParenthesizedExpression.java:75)
	at org.mozilla.javascript.ast.FunctionCall.visit(FunctionCall.java:158)
	at org.mozilla.javascript.ast.ExpressionStatement.visit(ExpressionStatement.java:120)
	at org.mozilla.javascript.ast.ScriptNode.visit(ScriptNode.java:312)
	at org.mozilla.javascript.ast.AstRoot.visitAll(AstRoot.java:110)
	at jscover.instrument.SourceProcessor.instrumentSource(SourceProcessor.java:409)
	at jscover.instrument.SourceProcessor.processSourceWithoutHeader(SourceProcessor.java:394)
	at jscover.instrument.SourceProcessor.processSource(SourceProcessor.java:386)
	at jscover.instrument.SourceProcessor.processSourceForFileSystem(SourceProcessor.java:379)
	at jscover.instrument.InstrumenterService.instrumentJSForFileSystem(InstrumenterService.java:374)
	at jscover.filesystem.FileSystemInstrumenter.copyFolder(FileSystemInstrumenter.java:399)
	at jscover.filesystem.FileSystemInstrumenter.copyFolder(FileSystemInstrumenter.java:394)
	at jscover.filesystem.FileSystemInstrumenter.copyFolder(FileSystemInstrumenter.java:394)
	at jscover.filesystem.FileSystemInstrumenter.copyFolder(FileSystemInstrumenter.java:385)
	at jscover.filesystem.FileSystemInstrumenter.run(FileSystemInstrumenter.java:366)
	at jscover.Main.runFileSystem(Main.java:455)
	at jscover.Main.runMain(Main.java:422)
	at jscover.Main.main(Main.java:411)
-------------------------------------------------------------------------------
Error on line 59 of lib/knockout-2.2.0.js
java.lang.NullPointerException
	at org.mozilla.javascript.Node.getChildBefore(Node.java:222)
	at org.mozilla.javascript.Node.addChildBefore(Node.java:287)
	at jscover.instrument.NodeProcessor.processNode(NodeProcessor.java:480)
	at jscover.instrument.ParseTreeInstrumenter.visit(ParseTreeInstrumenter.java:367)
	at org.mozilla.javascript.ast.IfStatement.visit(IfStatement.java:178)
	at org.mozilla.javascript.ast.SwitchCase.visit(SwitchCase.java:149)
	at org.mozilla.javascript.ast.SwitchStatement.visit(SwitchStatement.java:175)
	at org.mozilla.javascript.ast.Block.visit(Block.java:61)
	at org.mozilla.javascript.ast.FunctionNode.visit(FunctionNode.java:423)
	at org.mozilla.javascript.ast.InfixExpression.visit(InfixExpression.java:182)
	at org.mozilla.javascript.ast.ExpressionStatement.visit(ExpressionStatement.java:120)
	at org.mozilla.javascript.ast.Block.visit(Block.java:61)
	at org.mozilla.javascript.ast.FunctionNode.visit(FunctionNode.java:423)
	at org.mozilla.javascript.ast.Block.visit(Block.java:61)
	at org.mozilla.javascript.ast.FunctionNode.visit(FunctionNode.java:423)
	at org.mozilla.javascript.ast.ParenthesizedExpression.visit(ParenthesizedExpression.java:75)
	at org.mozilla.javascript.ast.FunctionCall.visit(FunctionCall.java:158)
	at org.mozilla.javascript.ast.ExpressionStatement.visit(ExpressionStatement.java:120)
	at org.mozilla.javascript.ast.ScriptNode.visit(ScriptNode.java:312)
	at org.mozilla.javascript.ast.AstRoot.visitAll(AstRoot.java:110)
	at jscover.instrument.SourceProcessor.instrumentSource(SourceProcessor.java:409)
	at jscover.instrument.SourceProcessor.processSourceWithoutHeader(SourceProcessor.java:394)
	at jscover.instrument.SourceProcessor.processSource(SourceProcessor.java:386)
	at jscover.instrument.SourceProcessor.processSourceForFileSystem(SourceProcessor.java:379)
	at jscover.instrument.InstrumenterService.instrumentJSForFileSystem(InstrumenterService.java:374)
	at jscover.filesystem.FileSystemInstrumenter.copyFolder(FileSystemInstrumenter.java:399)
	at jscover.filesystem.FileSystemInstrumenter.copyFolder(FileSystemInstrumenter.java:394)
	at jscover.filesystem.FileSystemInstrumenter.copyFolder(FileSystemInstrumenter.java:394)
	at jscover.filesystem.FileSystemInstrumenter.copyFolder(FileSystemInstrumenter.java:385)
	at jscover.filesystem.FileSystemInstrumenter.run(FileSystemInstrumenter.java:366)
	at jscover.Main.runFileSystem(Main.java:455)
	at jscover.Main.runMain(Main.java:422)
	at jscover.Main.main(Main.java:411)
-------------------------------------------------------------------------------
Couldn't insert wrapper for parent org.mozilla.javascript.ast.SwitchStatement, file: lib/knockout-2.2.0.js, line: 50, position: 32, source: h.length && h.charAt(0)
